-------------------------------------------------------------------------------
Test set: test.java.ModifierFichePatientTest
-------------------------------------------------------------------------------
Tests run: 1, Failures: 0, Errors: 1, Skipped: 0, Time elapsed: 0.066 s <<< FAILURE! - in test.java.ModifierFichePatientTest
testComponentsInitialization  Time elapsed: 0.066 s  <<< ERROR!
java.lang.IllegalArgumentException: cannot add to layout: constraints must be a GridBagConstraint
	at test.java.ModifierFichePatientTest.setUp(ModifierFichePatientTest.java:31)

