-------------------------------------------------------------------------------
Test set: test.java.AccueilTest
-------------------------------------------------------------------------------
Tests run: 2, Failures: 0, Errors: 2, Skipped: 0, Time elapsed: 1.407 s <<< FAILURE! - in test.java.AccueilTest
testComponentVisibility  Time elapsed: 1.255 s  <<< ERROR!
java.lang.NullPointerException
	at test.java.AccueilTest.setUp(AccueilTest.java:30)

testPanelConfigurations  Time elapsed: 0 s  <<< ERROR!
java.lang.NullPointerException
	at test.java.AccueilTest.setUp(AccueilTest.java:30)

