<?xml version="1.0" encoding="UTF-8"?>
<testsuite xmlns:xsi="http://www.w3.org/2001/XMLSchema-instance" xsi:noNamespaceSchemaLocation="https://maven.apache.org/surefire/maven-surefire-plugin/xsd/surefire-test-report.xsd" name="test.java.SupprimerRDVPatientTest" time="0.131" tests="2" errors="0" skipped="0" failures="0">
  <properties>
[...]
</properties>
  <testcase name="testFrameVisibility" classname="test.java.SupprimerRDVPatientTest" time="0.055"/>
  <testcase name="testComponentsPresence" classname="test.java.SupprimerRDVPatientTest" time="0.072"/>
</testsuite>